[debug] [2023-03-29T14:16:10.684Z] ----------------------------------------------------------------------
[debug] [2023-03-29T14:16:10.702Z] Command:       C:\Program Files\nodejs\node.exe C:\Users\UCHE\AppData\Roaming\npm\node_modules\firebase-tools\lib\bin\firebase.js deploy
[debug] [2023-03-29T14:16:10.705Z] CLI Version:   11.25.1
[debug] [2023-03-29T14:16:10.705Z] Platform:      win32
[debug] [2023-03-29T14:16:10.706Z] Node Version:  v16.17.0
[debug] [2023-03-29T14:16:10.802Z] Time:          Wed Mar 29 2023 15:16:10 GMT+0100 (West Africa Standard Time)
[debug] [2023-03-29T14:16:10.803Z] ----------------------------------------------------------------------
[debug] 
[debug] [2023-03-29T14:16:11.045Z] > command requires scopes: ["email","openid","https://www.googleapis.com/auth/cloudplatformprojects.readonly","https://www.googleapis.com/auth/firebase","https://www.googleapis.com/auth/cloud-platform"]
[debug] [2023-03-29T14:16:11.046Z] > authorizing via signed-in user (amukamara7@gmail.com)
[debug] [2023-03-29T14:16:11.046Z] [iam] checking project netflix-portfolio-f504b for permissions ["firebase.projects.get","firebasehosting.sites.update"]
[debug] [2023-03-29T14:16:11.066Z] > refreshing access token with scopes: []
[debug] [2023-03-29T14:16:11.069Z] >>> [apiv2][query] POST https://www.googleapis.com/oauth2/v3/token [none]
[debug] [2023-03-29T14:16:11.069Z] >>> [apiv2][body] POST https://www.googleapis.com/oauth2/v3/token [omitted]
[debug] [2023-03-29T14:16:11.296Z] [iam] error while checking permissions, command may fail: FirebaseError: Authentication Error: Your credentials are no longer valid. Please run firebase login --reauth

For CI servers and headless environments, generate a new token with firebase login:ci
[debug] [2023-03-29T14:16:11.298Z] > refreshing access token with scopes: []
[debug] [2023-03-29T14:16:11.299Z] >>> [apiv2][query] POST https://www.googleapis.com/oauth2/v3/token [none]
[debug] [2023-03-29T14:16:11.300Z] >>> [apiv2][body] POST https://www.googleapis.com/oauth2/v3/token [omitted]
[debug] [2023-03-29T14:16:11.316Z] Authentication Error: Your credentials are no longer valid. Please run firebase login --reauth

For CI servers and headless environments, generate a new token with firebase login:ci
[debug] [2023-03-29T14:16:11.333Z] FirebaseError: Authentication Error: Your credentials are no longer valid. Please run firebase login --reauth

For CI servers and headless environments, generate a new token with firebase login:ci
    at invalidCredentialError (C:\Users\UCHE\AppData\Roaming\npm\node_modules\firebase-tools\lib\auth.js:144:12)
    at refreshTokens (C:\Users\UCHE\AppData\Roaming\npm\node_modules\firebase-tools\lib\auth.js:508:15)
    at processTicksAndRejections (node:internal/process/task_queues:96:5)
    at async Client.getAccessToken (C:\Users\UCHE\AppData\Roaming\npm\node_modules\firebase-tools\lib\apiv2.js:149:23)
    at async Client.addAuthHeader (C:\Users\UCHE\AppData\Roaming\npm\node_modules\firebase-tools\lib\apiv2.js:140:21)
    at async Client.request (C:\Users\UCHE\AppData\Roaming\npm\node_modules\firebase-tools\lib\apiv2.js:96:34)
    at async getFirebaseProject (C:\Users\UCHE\AppData\Roaming\npm\node_modules\firebase-tools\lib\management\projects.js:295:21)
    at async getDefaultHostingSite (C:\Users\UCHE\AppData\Roaming\npm\node_modules\firebase-tools\lib\getDefaultHostingSite.js:10:21)
    at async requireHostingSite (C:\Users\UCHE\AppData\Roaming\npm\node_modules\firebase-tools\lib\requireHostingSite.js:9:18)
    at async Object.fn (C:\Users\UCHE\AppData\Roaming\npm\node_modules\firebase-tools\lib\commands\deploy.js:74:9)
    at async C:\Users\UCHE\AppData\Roaming\npm\node_modules\firebase-tools\lib\command.js:214:17
[error] 
[error] Error: Failed to get Firebase project netflix-portfolio-f504b. Please make sure the project exists and your account has permission to access it.
